ERROR 2020-07-10 10:21:49 nux.gestures_subscription GesturesSubscription.cpp:93 Failed to deactivate Geis subscription.
ERROR 2020-07-10 10:21:49 nux.gestures_subscription GesturesSubscription.cpp:93 Failed to deactivate Geis subscription.
ERROR 2020-07-10 10:21:49 nux.gestures_subscription GesturesSubscription.cpp:93 Failed to deactivate Geis subscription.
WARN  2020-07-10 10:21:49 nux.inputmethod.ibus InputMethodIBus.cpp:67 Impossible to connect to connect to ibus
failed to create drawable
compiz (core) - Warn: glXCreatePixmap failed
compiz (core) - Warn: Couldn't bind background pixmap 0x3400001 to texture
failed to create drawable
compiz (core) - Warn: glXCreatePixmap failed
compiz (core) - Warn: Couldn't bind background pixmap 0x3e00001 to texture
WARN  2020-07-10 10:22:39 unity.iconloader IconLoader.cpp:756 Unable to load icon file:/// at size -1x22: 无法打开目录
ERROR 2020-07-10 10:22:55 unityfree <unknown>:0 g_sequence_get: assertion '!is_end (iter)' failed
ERROR 2020-07-10 10:22:55 unity null <unknown>:0 Unable to get value. NULL row data in DeeSequenceModel@0x2cb8210 at position 7. The row has probably been removed
ERROR 2020-07-10 10:22:55 unity null <unknown>:0 Unable to get string. Column 5 in DeeSequenceModel@0x2cb8210 holds a NULL value in row 7
WARN  2020-07-10 10:27:39 unity <unknown>:0 Failed to fetch xid: GDBus.Error:org.freedesktop.DBus.Error.UnknownMethod: 在路径 org.ayatana.bamf.window 的对象上没有 /org/ayatana/bamf/window/90177544 接口
WARN  2020-07-10 10:27:39 unity <unknown>:0 Failed to fetch type: GDBus.Error:org.freedesktop.DBus.Error.UnknownMethod: 在路径 org.ayatana.bamf.window 的对象上没有 /org/ayatana/bamf/window/90177544 接口
WARN  2020-07-10 10:27:39 unity <unknown>:0 Failed to fetch monitor: GDBus.Error:org.freedesktop.DBus.Error.UnknownMethod: 在路径 org.ayatana.bamf.window 的对象上没有 /org/ayatana/bamf/window/90177544 接口
WARN  2020-07-10 10:27:39 unity <unknown>:0 Failed to fetch maximized state: GDBus.Error:org.freedesktop.DBus.Error.UnknownMethod: 在路径 org.ayatana.bamf.window 的对象上没有 /org/ayatana/bamf/window/90177544 接口
WARN  2020-07-10 10:27:39 unity <unknown>:0 Failed to fetch xid: GDBus.Error:org.freedesktop.DBus.Error.UnknownMethod: 在路径 org.ayatana.bamf.window 的对象上没有 /org/ayatana/bamf/window/90177544 接口
WARN  2020-07-10 10:27:39 unity <unknown>:0 Failed to fetch xid: GDBus.Error:org.freedesktop.DBus.Error.UnknownMethod: 在路径 org.ayatana.bamf.window 的对象上没有 /org/ayatana/bamf/window/90177544 接口
WARN  2020-07-10 10:27:39 unity <unknown>:0 Unable to fetch children: GDBus.Error:org.freedesktop.DBus.Error.UnknownMethod: 在路径 org.ayatana.bamf.view 的对象上没有 /org/ayatana/bamf/application/0x1cc7c90 接口

WARN  2020-07-10 10:27:39 unity <unknown>:0 Failed to fetch path: GDBus.Error:org.freedesktop.DBus.Error.UnknownMethod: 在路径 org.ayatana.bamf.application 的对象上没有 /org/ayatana/bamf/application/0x1cc7c90 接口
WARN  2020-07-10 10:27:39 unity <unknown>:0 Failed to fetch path: GDBus.Error:org.freedesktop.DBus.Error.UnknownMethod: 在路径 org.ayatana.bamf.application 的对象上没有 /org/ayatana/bamf/application/0x1cc7c90 接口
WARN  2020-07-10 10:27:39 unity <unknown>:0 Failed to fetch path: GDBus.Error:org.freedesktop.DBus.Error.UnknownMethod: 在路径 org.ayatana.bamf.application 的对象上没有 /org/ayatana/bamf/application/0x1cc7c90 接口
WARN  2020-07-10 10:27:39 unity <unknown>:0 Failed to fetch path: GDBus.Error:org.freedesktop.DBus.Error.UnknownMethod: 在路径 org.ayatana.bamf.application 的对象上没有 /org/ayatana/bamf/application/0x1cc7c90 接口
WARN  2020-07-10 10:27:39 unity <unknown>:0 Failed to fetch path: GDBus.Error:org.freedesktop.DBus.Error.UnknownMethod: 在路径 org.ayatana.bamf.application 的对象上没有 /org/ayatana/bamf/application/0x1cc7c90 接口
WARN  2020-07-10 10:27:39 unity <unknown>:0 Failed to fetch path: GDBus.Error:org.freedesktop.DBus.Error.UnknownMethod: 在路径 org.ayatana.bamf.application 的对象上没有 /org/ayatana/bamf/application/0x1cc7c90 接口
WARN  2020-07-10 10:27:39 unity <unknown>:0 Failed to fetch path: GDBus.Error:org.freedesktop.DBus.Error.UnknownMethod: 在路径 org.ayatana.bamf.application 的对象上没有 /org/ayatana/bamf/application/0x1cc7c90 接口
WARN  2020-07-10 10:27:39 unity <unknown>:0 Failed to fetch path: GDBus.Error:org.freedesktop.DBus.Error.UnknownMethod: 在路径 org.ayatana.bamf.application 的对象上没有 /org/ayatana/bamf/application/0x1cc7c90 接口
ERROR 2020-07-10 10:42:01 unityfree <unknown>:0 g_sequence_get: assertion '!is_end (iter)' failed
ERROR 2020-07-10 10:42:01 unity null <unknown>:0 Unable to get value. NULL row data in DeeSequenceModel@0x2cb8210 at position 54. The row has probably been removed
ERROR 2020-07-10 10:42:01 unity null <unknown>:0 Unable to get string. Column 5 in DeeSequenceModel@0x2cb8210 holds a NULL value in row 54
ERROR 2020-07-10 10:42:02 unityfree <unknown>:0 g_sequence_get: assertion '!is_end (iter)' failed
ERROR 2020-07-10 10:42:02 unity null <unknown>:0 Unable to get value. NULL row data in DeeSequenceModel@0x2cb8210 at position 54. The row has probably been removed
ERROR 2020-07-10 10:42:02 unity null <unknown>:0 Unable to get string. Column 5 in DeeSequenceModel@0x2cb8210 holds a NULL value in row 54
WARN  2020-07-10 10:47:35 nux.inputmethod.ibus InputMethodIBus.cpp:67 Impossible to connect to connect to ibus
WARN  2020-07-10 11:10:00 nux.inputmethod.ibus InputMethodIBus.cpp:67 Impossible to connect to connect to ibus
WARN  2020-07-10 11:25:39 nux.inputmethod.ibus InputMethodIBus.cpp:67 Impossible to connect to connect to ibus
failed to create drawable
compiz (core) - Warn: glXCreatePixmap failed
compiz (core) - Warn: Couldn't bind background pixmap 0x3400001 to texture
failed to create drawable
compiz (core) - Warn: glXCreatePixmap failed
compiz (core) - Warn: Couldn't bind background pixmap 0x5800001 to texture
WARN  2020-07-11 11:02:17 nux.inputmethod.ibus InputMethodIBus.cpp:67 Impossible to connect to connect to ibus
WARN  2020-07-11 11:27:46 nux.inputmethod.ibus InputMethodIBus.cpp:67 Impossible to connect to connect to ibus
WARN  2020-07-11 11:27:46 unity.glib.dbus.proxy GLibDBusProxy.cpp:487 Calling method "SyncOne" on object path: "/com/canonical/Unity/Panel/Service" failed: GDBus.Error:org.freedesktop.DBus.Error.ServiceUnknown: The name com.canonical.Unity.Panel.Service.LockScreen was not provided by any .service files
WARN  2020-07-11 11:39:38 nux.inputmethod.ibus InputMethodIBus.cpp:67 Impossible to connect to connect to ibus
WARN  2020-07-11 11:39:38 unity.glib.dbus.proxy GLibDBusProxy.cpp:487 Calling method "SyncOne" on object path: "/com/canonical/Unity/Panel/Service" failed: GDBus.Error:org.freedesktop.DBus.Error.ServiceUnknown: The name com.canonical.Unity.Panel.Service.LockScreen was not provided by any .service files
