[2824][1592815265412][main][info]["Booting Postman 7.26.1, linux-4.15.0-45-generic on x64"]
[2824][1592815265414][main][info]["EventBus~initialize - Success"]
[2824][1592815265415][main][warn]["CloudProxyManager~init: Error while reading proxy configuration from user data - ",{"errno":-2,"code":"ENOENT","syscall":"open","path":"/home/sjt/.config/Postman/Postman_Config/proxy","name":"Error","message":"ENOENT: no such file or directory, open '/home/sjt/.config/Postman/Postman_Config/proxy'","stack":"Error: ENOENT: no such file or directory, open '/home/sjt/.config/Postman/Postman_Config/proxy'"}]
[2824][1592815265416][main][info]["CloudProxyManager~init - Success"]
[2824][1592815265420][main][info]["UpdateHandler~init - Success"]
[2824][1592815265421][main][info]["RuntimeExecutionService~initialized: Success"]
[2824][1592815265618][main][info]["LinuxAutoUpdater~Cleanup - Initial cleanup successful"]
[2824][1592815265745][main][warn]["main~populateInstallationId: Failed to get installationId from appSettings but with no error"]
[2824][1592815265754][main][info]["Bootstrap-models~bootstrap - Success"]
[2824][1592815266416][main][info]["window-manager~newSharedWindow: Shell loaded"]
[2824][1592815270196][main][info]["Main~AppEvents - Received booted event for process shared"]
[2824][1592815273356][main][info]["UpdateHandler~app-update-events - Received event",{"name":"checkForElectronVersionUpdated","namespace":"appUpdate"}]
[2824][1592815273376][main][info]["Main~AppEvents - Received booted event for process requester"]
[2824][1592815349777][main][info]["Quitting app"]
[4689][1594348005009][main][info]["Booting Postman 7.26.1, linux-4.15.0-107-generic on x64"]
[4689][1594348005011][main][info]["EventBus~initialize - Success"]
[4689][1594348005012][main][warn]["CloudProxyManager~init: Error while reading proxy configuration from user data - ",{"errno":-2,"code":"ENOENT","syscall":"open","path":"/home/sjt/.config/Postman/Postman_Config/proxy","name":"Error","message":"ENOENT: no such file or directory, open '/home/sjt/.config/Postman/Postman_Config/proxy'","stack":"Error: ENOENT: no such file or directory, open '/home/sjt/.config/Postman/Postman_Config/proxy'"}]
[4689][1594348005013][main][info]["CloudProxyManager~init - Success"]
[4689][1594348005016][main][info]["UpdateHandler~init - Success"]
[4689][1594348005028][main][info]["RuntimeExecutionService~initialized: Success"]
[4689][1594348005243][main][info]["LinuxAutoUpdater~Cleanup - Initial cleanup successful"]
[4689][1594348005372][main][info]["Bootstrap-models~bootstrap - Success"]
[4689][1594348005724][main][info]["window-manager~newSharedWindow: Shell loaded"]
[4689][1594348007061][main][info]["Main~AppEvents - Received booted event for process shared"]
[4689][1594348008553][main][info]["UpdateHandler~app-update-events - Received event",{"name":"checkForElectronVersionUpdated","namespace":"appUpdate"}]
[4689][1594348008566][main][info]["Main~AppEvents - Received booted event for process requester"]
[4689][1594348019411][main][info]["UpdateHandler~app-update-events - Received event",{"data":{"additionalParamsString":"installationId=cbf97fd5-7908-4ee0-8d7f-2e4148c9778c&userId=0&syncEnabled=false&teamPlan=","appId":"cbf97fd5-7908-4ee0-8d7f-2e4148c9778c","arch":"64","channel":"stable","downloadURL":"https://dl.pstmn.io/download/version/7.27.1/linux_64","downloadVersion":"7.27.1","platform":"LINUX","updateServerDomain":"https://dl.pstmn.io/","userAgent":"Mozilla/5.0 (X11; Linux x86_64) AppleWebKit/537.36 (KHTML, like Gecko) Postman/7.26.1 Chrome/78.0.3904.130 Electron/7.2.3 Safari/537.36","userId":"0","version":"7.26.1"},"name":"updateElectron","namespace":"appUpdate"}]
[4689][1594348019411][main][info]["LinuxUpdater~downloadUpdate - UpdateInfo received",{"additionalParamsString":"installationId=cbf97fd5-7908-4ee0-8d7f-2e4148c9778c&userId=0&syncEnabled=false&teamPlan=","appId":"cbf97fd5-7908-4ee0-8d7f-2e4148c9778c","arch":"64","channel":"stable","downloadURL":"https://dl.pstmn.io/download/version/7.27.1/linux_64","downloadVersion":"7.27.1","platform":"LINUX","updateServerDomain":"https://dl.pstmn.io/","userAgent":"Mozilla/5.0 (X11; Linux x86_64) AppleWebKit/537.36 (KHTML, like Gecko) Postman/7.26.1 Chrome/78.0.3904.130 Electron/7.2.3 Safari/537.36","userId":"0","version":"7.26.1"}]
[4689][1594348020439][main][info]["@postman/app-updater: error",{"errno":-13,"code":"EACCES","syscall":"open","path":"/home/sjt/下载/Postman/Postman-1594348019412.tar.gz","name":"Error","message":"EACCES: permission denied, open '/home/sjt/下载/Postman/Postman-1594348019412.tar.gz'","stack":"Error: EACCES: permission denied, open '/home/sjt/下载/Postman/Postman-1594348019412.tar.gz'"},{"packageName":"Postman","eID":"Postman-1594348019412","downloadURL":"https://dl.pstmn.io/download/version/7.27.1/linux_64","downloadDirectory":"/home/sjt/下载/Postman","downloadInfo":{"status":"DOWNLOAD_ERROR","error":{"errno":-13,"code":"EACCES","syscall":"open","path":"/home/sjt/下载/Postman/Postman-1594348019412.tar.gz"},"downloadDirectory":"/home/sjt/下载/Postman"}}]
[4689][1594348020440][main][info]["UpdateHandler~app-update-events - Received event",{"name":"electronAppUpdateError","namespace":"appUpdate","data":{"error":{"errno":-13,"code":"EACCES","syscall":"open","path":"/home/sjt/下载/Postman/Postman-1594348019412.tar.gz","name":"Error","message":"EACCES: permission denied, open '/home/sjt/下载/Postman/Postman-1594348019412.tar.gz'","stack":"Error: EACCES: permission denied, open '/home/sjt/下载/Postman/Postman-1594348019412.tar.gz'"},"updateData":{"packageName":"Postman","eID":"Postman-1594348019412","downloadURL":"https://dl.pstmn.io/download/version/7.27.1/linux_64","downloadDirectory":"/home/sjt/下载/Postman","downloadInfo":{"status":"DOWNLOAD_ERROR","error":{"errno":-13,"code":"EACCES","syscall":"open","path":"/home/sjt/下载/Postman/Postman-1594348019412.tar.gz"},"downloadDirectory":"/home/sjt/下载/Postman"}}}}]
[4689][1594348059662][main][info]["WindowManager~closeHandler - Closed Window (id: 3 )"]
[4689][1594348059674][main][info]["Quitting app"]
