[2824][1592815273077][requester][info]["EventBus~initialize - Success"]
[2824][1592815273079][requester][info]["Messaging~boot - Success"]
[2824][1592815273087][requester][info]["bootCrashReporter~ Success"]
[2824][1592815273088][requester][info]["Telemetry~boot - Success"]
[2824][1592815273088][requester][info]["bootConfigurations~initialize - Success"]
[2824][1592815273090][requester][info]["Settings~boot - Success"]
[2824][1592815273243][requester][info]["bootstrapModels - Success"]
[2824][1592815273243][requester][info]["WLModels~boot - Success"]
[2824][1592815273326][requester][info]["Session~boot - Success"]
[2824][1592815273328][requester][info]["IndependentServices~boot - Success"]
[2824][1592815273340][requester][info]["AppModels~boot - Success"]
[2824][1592815273340][requester][info]["RuntimeListeners~boot- Success"]
[2824][1592815273340][requester][info]["DBWatcher~boot - Success"]
[2824][1592815273342][requester][info]["ThemeManager~boot - Success"]
[2824][1592815273342][requester][info]["Store~boot - Success"]
[2824][1592815273344][requester][info]["Shortcuts~boot - Success"]
[2824][1592815273344][requester][info]["SyncProxy~boot - Success"]
[2824][1592815273348][requester][info]["NewConsole~boot - Success"]
[2824][1592815273352][requester][info]["APIDevInterface~boot - Success"]
[2824][1592815273365][requester][info]["Requester~boot - Success"]
[2824][1592815273366][requester][info]["booted - requester"]
[2824][1592815273380][requester][warn]["CloudProxyHandler: Error while reading proxy configuration from user data - ",{"errno":-2,"code":"ENOENT","syscall":"open","path":"/home/sjt/.config/Postman/Postman_Config/proxy","name":"Error","message":"ENOENT: no such file or directory, open '/home/sjt/.config/Postman/Postman_Config/proxy'","stack":"Error: ENOENT: no such file or directory, open '/home/sjt/.config/Postman/Postman_Config/proxy'"}]
[2824][1592815274540][requester][info]["SessionValidation - Registering listener"]
[2824][1592815274550][requester][warn]["FeatureFlagsStore~updateFlags: Could not find feature flags",{"error":{"message":"SyncRequestService\\x7erequestListener: Could not fetch from sync. Socket not connected."}}]
[4689][1594348008440][requester][info]["EventBus~initialize - Success"]
[4689][1594348008441][requester][info]["Messaging~boot - Success"]
[4689][1594348008446][requester][info]["bootCrashReporter~ Success"]
[4689][1594348008447][requester][info]["Telemetry~boot - Success"]
[4689][1594348008448][requester][info]["bootConfigurations~initialize - Success"]
[4689][1594348008451][requester][info]["Settings~boot - Success"]
[4689][1594348008494][requester][info]["bootstrapModels - Success"]
[4689][1594348008495][requester][info]["WLModels~boot - Success"]
[4689][1594348008521][requester][info]["Session~boot - Success"]
[4689][1594348008523][requester][info]["IndependentServices~boot - Success"]
[4689][1594348008535][requester][info]["AppModels~boot - Success"]
[4689][1594348008535][requester][info]["RuntimeListeners~boot- Success"]
[4689][1594348008535][requester][info]["DBWatcher~boot - Success"]
[4689][1594348008537][requester][info]["ThemeManager~boot - Success"]
[4689][1594348008537][requester][info]["Store~boot - Success"]
[4689][1594348008540][requester][info]["Shortcuts~boot - Success"]
[4689][1594348008541][requester][info]["SyncProxy~boot - Success"]
[4689][1594348008547][requester][info]["NewConsole~boot - Success"]
[4689][1594348008551][requester][info]["APIDevInterface~boot - Success"]
[4689][1594348008558][requester][info]["Requester~boot - Success"]
[4689][1594348008558][requester][info]["booted - requester"]
[4689][1594348008572][requester][warn]["CloudProxyHandler: Error while reading proxy configuration from user data - ",{"errno":-2,"code":"ENOENT","syscall":"open","path":"/home/sjt/.config/Postman/Postman_Config/proxy","name":"Error","message":"ENOENT: no such file or directory, open '/home/sjt/.config/Postman/Postman_Config/proxy'","stack":"Error: ENOENT: no such file or directory, open '/home/sjt/.config/Postman/Postman_Config/proxy'"}]
[4689][1594348009553][requester][info]["SessionValidation - Registering listener"]
[4689][1594348009562][requester][warn]["FeatureFlagsStore~updateFlags: Could not find feature flags",{"error":{"message":"SyncRequestService\\x7erequestListener: Could not fetch from sync. Socket not connected."}}]
[4689][1594348020446][requester][error]["Error in update flow: {\"code\":\"EACCES\",\"errno\":-13,\"message\":\"EACCES: permission denied, open '/home/sjt/下载/Postman/Postman-1594348019412.tar.gz'\",\"name\":\"Error\",\"path\":\"/home/sjt/下载/Postman/Postman-1594348019412.tar.gz\",\"stack\":\"Error: EACCES: permission denied, open '/home/sjt/下载/Postman/Postman-1594348019412.tar.gz'\",\"syscall\":\"open\"}"]
