[2824][1592815266395][shell][info]["EventBus~initialize - Success"]
[2824][1592815266405][shell][info]["bootShellCrashReporter~ Success"]
[2824][1592815266406][shell][info]["shellController~init: Success"]
[2824][1592815266406][shell][info]["shellMeta~init: Success"]
[2824][1592815266421][shell][info]["init~setViewAttributes - Initializing view with opts:",{"devtools":false,"id":2,"startTime":1592815265532,"type":"shared","partitionId":"default"}]
[2824][1592815266422][shell][info]["init~setViewAttributes - Success"]
[2824][1592815270567][shell][info]["EventBus~initialize - Success"]
[2824][1592815270578][shell][info]["bootShellCrashReporter~ Success"]
[2824][1592815270580][shell][info]["shellController~init: Success"]
[2824][1592815270580][shell][info]["shellMeta~init: Success"]
[2824][1592815270594][shell][info]["init~setViewAttributes - Initializing view with opts:",{"allIds":[4],"devtools":false,"id":4,"primaryId":4,"startTime":1592815270229,"type":"requester","partitionId":"default"}]
[2824][1592815270595][shell][info]["init~setViewAttributes - Success"]
[4689][1594348005700][shell][info]["EventBus~initialize - Success"]
[4689][1594348005712][shell][info]["bootShellCrashReporter~ Success"]
[4689][1594348005714][shell][info]["shellController~init: Success"]
[4689][1594348005714][shell][info]["shellMeta~init: Success"]
[4689][1594348005728][shell][info]["init~setViewAttributes - Initializing view with opts:",{"devtools":false,"id":2,"startTime":1594348005208,"type":"shared","partitionId":"default"}]
[4689][1594348005729][shell][info]["init~setViewAttributes - Success"]
[4689][1594348007340][shell][info]["EventBus~initialize - Success"]
[4689][1594348007347][shell][info]["bootShellCrashReporter~ Success"]
[4689][1594348007348][shell][info]["shellController~init: Success"]
[4689][1594348007348][shell][info]["shellMeta~init: Success"]
[4689][1594348007360][shell][info]["init~setViewAttributes - Initializing view with opts:",{"allIds":[3],"devtools":false,"id":3,"primaryId":3,"startTime":1594348007100,"type":"requester","partitionId":"default"}]
[4689][1594348007361][shell][info]["init~setViewAttributes - Success"]
